#! /usr/bin/vvp
:ivl_version "10.1 (stable)";
:ivl_delay_selection "TYPICAL";
:vpi_time_precision + 0;
:vpi_module "system";
:vpi_module "vhdl_sys";
:vpi_module "v2005_math";
:vpi_module "va_math";
S_0x55aafe243ac0 .scope module, "adder_16bit" "adder_16bit" 2 34;
 .timescale 0 0;
    .port_info 0 /INPUT 16 "a"
    .port_info 1 /INPUT 16 "b"
    .port_info 2 /OUTPUT 16 "sum"
    .port_info 3 /OUTPUT 1 "carry"
o0x7fdbd7e21e98 .functor BUFZ 16, C4<zzzzzzzzzzzzzzzz>; HiZ drive
v0x55aafe28ce60_0 .net "a", 15 0, o0x7fdbd7e21e98;  0 drivers
o0x7fdbd7e21ec8 .functor BUFZ 16, C4<zzzzzzzzzzzzzzzz>; HiZ drive
v0x55aafe28cf60_0 .net "b", 15 0, o0x7fdbd7e21ec8;  0 drivers
v0x55aafe28d040_0 .net "carry", 0 0, L_0x55aafe29b990;  1 drivers
v0x55aafe28d130_0 .net "s", 2 0, L_0x55aafe29a160;  1 drivers
v0x55aafe28d1f0_0 .net "sum", 15 0, L_0x55aafe29c430;  1 drivers
L_0x55aafe295cd0 .part o0x7fdbd7e21e98, 0, 4;
L_0x55aafe295d70 .part o0x7fdbd7e21ec8, 0, 4;
L_0x55aafe297d90 .part o0x7fdbd7e21e98, 4, 4;
L_0x55aafe297e80 .part o0x7fdbd7e21ec8, 4, 4;
L_0x55aafe297f70 .part L_0x55aafe29a160, 0, 1;
L_0x55aafe299ea0 .part o0x7fdbd7e21e98, 8, 4;
L_0x55aafe299f80 .part o0x7fdbd7e21ec8, 8, 4;
L_0x55aafe29a020 .part L_0x55aafe29a160, 1, 1;
L_0x55aafe29a160 .concat8 [ 1 1 1 0], L_0x55aafe295610, L_0x55aafe297640, L_0x55aafe2997b0;
L_0x55aafe29c030 .part o0x7fdbd7e21e98, 12, 4;
L_0x55aafe29c160 .part o0x7fdbd7e21ec8, 12, 4;
L_0x55aafe29c290 .part L_0x55aafe29a160, 2, 1;
L_0x55aafe29c430 .concat8 [ 4 4 4 4], L_0x55aafe295c30, L_0x55aafe297cf0, L_0x55aafe299e00, L_0x55aafe29bf90;
S_0x55aafe24c150 .scope module, "u0" "adder_4bit" 2 43, 2 16 0, S_0x55aafe243ac0;
 .timescale 0 0;
    .port_info 0 /INPUT 4 "a"
    .port_info 1 /INPUT 4 "b"
    .port_info 2 /INPUT 1 "cin"
    .port_info 3 /OUTPUT 4 "sum"
    .port_info 4 /OUTPUT 1 "carry"
v0x55aafe283d80_0 .net "a", 3 0, L_0x55aafe295cd0;  1 drivers
v0x55aafe283e80_0 .net "b", 3 0, L_0x55aafe295d70;  1 drivers
v0x55aafe283f60_0 .net "carry", 0 0, L_0x55aafe295610;  1 drivers
L_0x7fdbd7dd6060 .functor BUFT 1, C4<0>, C4<0>, C4<0>, C4<0>;
v0x55aafe284030_0 .net "cin", 0 0, L_0x7fdbd7dd6060;  1 drivers
v0x55aafe2840d0_0 .net "s", 2 0, L_0x55aafe295240;  1 drivers
v0x55aafe2841e0_0 .net "sum", 3 0, L_0x55aafe295c30;  1 drivers
L_0x55aafe294220 .part L_0x55aafe295cd0, 0, 1;
L_0x55aafe2942c0 .part L_0x55aafe295d70, 0, 1;
L_0x55aafe294860 .part L_0x55aafe295cd0, 1, 1;
L_0x55aafe294950 .part L_0x55aafe295d70, 1, 1;
L_0x55aafe294a70 .part L_0x55aafe295240, 0, 1;
L_0x55aafe294f80 .part L_0x55aafe295cd0, 2, 1;
L_0x55aafe295060 .part L_0x55aafe295d70, 2, 1;
L_0x55aafe295100 .part L_0x55aafe295240, 1, 1;
L_0x55aafe295240 .concat8 [ 1 1 1 0], L_0x55aafe243cf0, L_0x55aafe294660, L_0x55aafe294d80;
L_0x55aafe295860 .part L_0x55aafe295cd0, 3, 1;
L_0x55aafe295960 .part L_0x55aafe295d70, 3, 1;
L_0x55aafe295a90 .part L_0x55aafe295240, 2, 1;
L_0x55aafe295c30 .concat8 [ 1 1 1 1], L_0x55aafe294160, L_0x55aafe2947a0, L_0x55aafe294ec0, L_0x55aafe2957a0;
S_0x55aafe252ef0 .scope module, "u0" "Full_Adder" 2 26, 2 1 0, S_0x55aafe24c150;
 .timescale 0 0;
    .port_info 0 /INPUT 1 "D1"
    .port_info 1 /INPUT 1 "D2"
    .port_info 2 /INPUT 1 "Cin"
    .port_info 3 /OUTPUT 1 "Sum_out"
    .port_info 4 /OUTPUT 1 "Cout"
L_0x55aafe24a9a0 .functor XOR 1, L_0x55aafe294220, L_0x55aafe2942c0, C4<0>, C4<0>;
L_0x55aafe2518f0 .functor AND 1, L_0x55aafe294220, L_0x55aafe2942c0, C4<1>, C4<1>;
L_0x7fdbd7dd6018 .functor BUFT 1, C4<0>, C4<0>, C4<0>, C4<0>;
L_0x55aafe258690 .functor AND 1, L_0x55aafe24a9a0, L_0x7fdbd7dd6018, C4<1>, C4<1>;
L_0x55aafe243cf0 .functor OR 1, L_0x55aafe2518f0, L_0x55aafe258690, C4<0>, C4<0>;
L_0x55aafe294160 .functor XOR 1, L_0x55aafe24a9a0, L_0x7fdbd7dd6018, C4<0>, C4<0>;
v0x55aafe26d380_0 .net "Cin", 0 0, L_0x7fdbd7dd6018;  1 drivers
v0x55aafe26dbd0_0 .net "Cout", 0 0, L_0x55aafe243cf0;  1 drivers
v0x55aafe261fb0_0 .net "D1", 0 0, L_0x55aafe294220;  1 drivers
v0x55aafe25aa80_0 .net "D2", 0 0, L_0x55aafe2942c0;  1 drivers
v0x55aafe26aeb0_0 .net "Sum_out", 0 0, L_0x55aafe294160;  1 drivers
v0x55aafe263480_0 .net "a1", 0 0, L_0x55aafe24a9a0;  1 drivers
v0x55aafe282080_0 .net "a2", 0 0, L_0x55aafe2518f0;  1 drivers
v0x55aafe282140_0 .net "a3", 0 0, L_0x55aafe258690;  1 drivers
S_0x55aafe2822a0 .scope module, "u1" "Full_Adder" 2 27, 2 1 0, S_0x55aafe24c150;
 .timescale 0 0;
    .port_info 0 /INPUT 1 "D1"
    .port_info 1 /INPUT 1 "D2"
    .port_info 2 /INPUT 1 "Cin"
    .port_info 3 /OUTPUT 1 "Sum_out"
    .port_info 4 /OUTPUT 1 "Cout"
L_0x55aafe294360 .functor XOR 1, L_0x55aafe294860, L_0x55aafe294950, C4<0>, C4<0>;
L_0x55aafe294460 .functor AND 1, L_0x55aafe294860, L_0x55aafe294950, C4<1>, C4<1>;
L_0x55aafe2945a0 .functor AND 1, L_0x55aafe294360, L_0x55aafe294a70, C4<1>, C4<1>;
L_0x55aafe294660 .functor OR 1, L_0x55aafe294460, L_0x55aafe2945a0, C4<0>, C4<0>;
L_0x55aafe2947a0 .functor XOR 1, L_0x55aafe294360, L_0x55aafe294a70, C4<0>, C4<0>;
v0x55aafe282490_0 .net "Cin", 0 0, L_0x55aafe294a70;  1 drivers
v0x55aafe282550_0 .net "Cout", 0 0, L_0x55aafe294660;  1 drivers
v0x55aafe282610_0 .net "D1", 0 0, L_0x55aafe294860;  1 drivers
v0x55aafe2826e0_0 .net "D2", 0 0, L_0x55aafe294950;  1 drivers
v0x55aafe2827a0_0 .net "Sum_out", 0 0, L_0x55aafe2947a0;  1 drivers
v0x55aafe2828b0_0 .net "a1", 0 0, L_0x55aafe294360;  1 drivers
v0x55aafe282970_0 .net "a2", 0 0, L_0x55aafe294460;  1 drivers
v0x55aafe282a30_0 .net "a3", 0 0, L_0x55aafe2945a0;  1 drivers
S_0x55aafe282b90 .scope module, "u2" "Full_Adder" 2 28, 2 1 0, S_0x55aafe24c150;
 .timescale 0 0;
    .port_info 0 /INPUT 1 "D1"
    .port_info 1 /INPUT 1 "D2"
    .port_info 2 /INPUT 1 "Cin"
    .port_info 3 /OUTPUT 1 "Sum_out"
    .port_info 4 /OUTPUT 1 "Cout"
L_0x55aafe294b10 .functor XOR 1, L_0x55aafe294f80, L_0x55aafe295060, C4<0>, C4<0>;
L_0x55aafe294b80 .functor AND 1, L_0x55aafe294f80, L_0x55aafe295060, C4<1>, C4<1>;
L_0x55aafe294cc0 .functor AND 1, L_0x55aafe294b10, L_0x55aafe295100, C4<1>, C4<1>;
L_0x55aafe294d80 .functor OR 1, L_0x55aafe294b80, L_0x55aafe294cc0, C4<0>, C4<0>;
L_0x55aafe294ec0 .functor XOR 1, L_0x55aafe294b10, L_0x55aafe295100, C4<0>, C4<0>;
v0x55aafe282d90_0 .net "Cin", 0 0, L_0x55aafe295100;  1 drivers
v0x55aafe282e50_0 .net "Cout", 0 0, L_0x55aafe294d80;  1 drivers
v0x55aafe282f10_0 .net "D1", 0 0, L_0x55aafe294f80;  1 drivers
v0x55aafe282fe0_0 .net "D2", 0 0, L_0x55aafe295060;  1 drivers
v0x55aafe2830a0_0 .net "Sum_out", 0 0, L_0x55aafe294ec0;  1 drivers
v0x55aafe2831b0_0 .net "a1", 0 0, L_0x55aafe294b10;  1 drivers
v0x55aafe283270_0 .net "a2", 0 0, L_0x55aafe294b80;  1 drivers
v0x55aafe283330_0 .net "a3", 0 0, L_0x55aafe294cc0;  1 drivers
S_0x55aafe283490 .scope module, "u3" "Full_Adder" 2 29, 2 1 0, S_0x55aafe24c150;
 .timescale 0 0;
    .port_info 0 /INPUT 1 "D1"
    .port_info 1 /INPUT 1 "D2"
    .port_info 2 /INPUT 1 "Cin"
    .port_info 3 /OUTPUT 1 "Sum_out"
    .port_info 4 /OUTPUT 1 "Cout"
L_0x55aafe2953d0 .functor XOR 1, L_0x55aafe295860, L_0x55aafe295960, C4<0>, C4<0>;
L_0x55aafe295440 .functor AND 1, L_0x55aafe295860, L_0x55aafe295960, C4<1>, C4<1>;
L_0x55aafe295550 .functor AND 1, L_0x55aafe2953d0, L_0x55aafe295a90, C4<1>, C4<1>;
L_0x55aafe295610 .functor OR 1, L_0x55aafe295440, L_0x55aafe295550, C4<0>, C4<0>;
L_0x55aafe2957a0 .functor XOR 1, L_0x55aafe2953d0, L_0x55aafe295a90, C4<0>, C4<0>;
v0x55aafe283660_0 .net "Cin", 0 0, L_0x55aafe295a90;  1 drivers
v0x55aafe283740_0 .net "Cout", 0 0, L_0x55aafe295610;  alias, 1 drivers
v0x55aafe283800_0 .net "D1", 0 0, L_0x55aafe295860;  1 drivers
v0x55aafe2838d0_0 .net "D2", 0 0, L_0x55aafe295960;  1 drivers
v0x55aafe283990_0 .net "Sum_out", 0 0, L_0x55aafe2957a0;  1 drivers
v0x55aafe283aa0_0 .net "a1", 0 0, L_0x55aafe2953d0;  1 drivers
v0x55aafe283b60_0 .net "a2", 0 0, L_0x55aafe295440;  1 drivers
v0x55aafe283c20_0 .net "a3", 0 0, L_0x55aafe295550;  1 drivers
S_0x55aafe284360 .scope module, "u1" "adder_4bit" 2 44, 2 16 0, S_0x55aafe243ac0;
 .timescale 0 0;
    .port_info 0 /INPUT 4 "a"
    .port_info 1 /INPUT 4 "b"
    .port_info 2 /INPUT 1 "cin"
    .port_info 3 /OUTPUT 4 "sum"
    .port_info 4 /OUTPUT 1 "carry"
v0x55aafe286bd0_0 .net "a", 3 0, L_0x55aafe297d90;  1 drivers
v0x55aafe286cd0_0 .net "b", 3 0, L_0x55aafe297e80;  1 drivers
v0x55aafe286db0_0 .net "carry", 0 0, L_0x55aafe297640;  1 drivers
v0x55aafe286e80_0 .net "cin", 0 0, L_0x55aafe297f70;  1 drivers
v0x55aafe286f20_0 .net "s", 2 0, L_0x55aafe297270;  1 drivers
v0x55aafe287030_0 .net "sum", 3 0, L_0x55aafe297cf0;  1 drivers
L_0x55aafe296220 .part L_0x55aafe297d90, 0, 1;
L_0x55aafe2962c0 .part L_0x55aafe297e80, 0, 1;
L_0x55aafe296890 .part L_0x55aafe297d90, 1, 1;
L_0x55aafe296980 .part L_0x55aafe297e80, 1, 1;
L_0x55aafe296aa0 .part L_0x55aafe297270, 0, 1;
L_0x55aafe296fb0 .part L_0x55aafe297d90, 2, 1;
L_0x55aafe297090 .part L_0x55aafe297e80, 2, 1;
L_0x55aafe297130 .part L_0x55aafe297270, 1, 1;
L_0x55aafe297270 .concat8 [ 1 1 1 0], L_0x55aafe296050, L_0x55aafe296690, L_0x55aafe296db0;
L_0x55aafe297890 .part L_0x55aafe297d90, 3, 1;
L_0x55aafe297a20 .part L_0x55aafe297e80, 3, 1;
L_0x55aafe297b50 .part L_0x55aafe297270, 2, 1;
L_0x55aafe297cf0 .concat8 [ 1 1 1 1], L_0x55aafe296160, L_0x55aafe2967d0, L_0x55aafe296ef0, L_0x55aafe2977d0;
S_0x55aafe2845d0 .scope module, "u0" "Full_Adder" 2 26, 2 1 0, S_0x55aafe284360;
 .timescale 0 0;
    .port_info 0 /INPUT 1 "D1"
    .port_info 1 /INPUT 1 "D2"
    .port_info 2 /INPUT 1 "Cin"
    .port_info 3 /OUTPUT 1 "Sum_out"
    .port_info 4 /OUTPUT 1 "Cout"
L_0x55aafe295e10 .functor XOR 1, L_0x55aafe296220, L_0x55aafe2962c0, C4<0>, C4<0>;
L_0x55aafe295e80 .functor AND 1, L_0x55aafe296220, L_0x55aafe2962c0, C4<1>, C4<1>;
L_0x7fdbd7dd60a8 .functor BUFT 1, C4<0>, C4<0>, C4<0>, C4<0>;
L_0x55aafe295f90 .functor AND 1, L_0x55aafe295e10, L_0x7fdbd7dd60a8, C4<1>, C4<1>;
L_0x55aafe296050 .functor OR 1, L_0x55aafe295e80, L_0x55aafe295f90, C4<0>, C4<0>;
L_0x55aafe296160 .functor XOR 1, L_0x55aafe295e10, L_0x7fdbd7dd60a8, C4<0>, C4<0>;
v0x55aafe284850_0 .net "Cin", 0 0, L_0x7fdbd7dd60a8;  1 drivers
v0x55aafe284930_0 .net "Cout", 0 0, L_0x55aafe296050;  1 drivers
v0x55aafe2849f0_0 .net "D1", 0 0, L_0x55aafe296220;  1 drivers
v0x55aafe284ac0_0 .net "D2", 0 0, L_0x55aafe2962c0;  1 drivers
v0x55aafe284b80_0 .net "Sum_out", 0 0, L_0x55aafe296160;  1 drivers
v0x55aafe284c90_0 .net "a1", 0 0, L_0x55aafe295e10;  1 drivers
v0x55aafe284d50_0 .net "a2", 0 0, L_0x55aafe295e80;  1 drivers
v0x55aafe284e10_0 .net "a3", 0 0, L_0x55aafe295f90;  1 drivers
S_0x55aafe284f70 .scope module, "u1" "Full_Adder" 2 27, 2 1 0, S_0x55aafe284360;
 .timescale 0 0;
    .port_info 0 /INPUT 1 "D1"
    .port_info 1 /INPUT 1 "D2"
    .port_info 2 /INPUT 1 "Cin"
    .port_info 3 /OUTPUT 1 "Sum_out"
    .port_info 4 /OUTPUT 1 "Cout"
L_0x55aafe296390 .functor XOR 1, L_0x55aafe296890, L_0x55aafe296980, C4<0>, C4<0>;
L_0x55aafe296490 .functor AND 1, L_0x55aafe296890, L_0x55aafe296980, C4<1>, C4<1>;
L_0x55aafe2965d0 .functor AND 1, L_0x55aafe296390, L_0x55aafe296aa0, C4<1>, C4<1>;
L_0x55aafe296690 .functor OR 1, L_0x55aafe296490, L_0x55aafe2965d0, C4<0>, C4<0>;
L_0x55aafe2967d0 .functor XOR 1, L_0x55aafe296390, L_0x55aafe296aa0, C4<0>, C4<0>;
v0x55aafe2851e0_0 .net "Cin", 0 0, L_0x55aafe296aa0;  1 drivers
v0x55aafe2852a0_0 .net "Cout", 0 0, L_0x55aafe296690;  1 drivers
v0x55aafe285360_0 .net "D1", 0 0, L_0x55aafe296890;  1 drivers
v0x55aafe285430_0 .net "D2", 0 0, L_0x55aafe296980;  1 drivers
v0x55aafe2854f0_0 .net "Sum_out", 0 0, L_0x55aafe2967d0;  1 drivers
v0x55aafe285600_0 .net "a1", 0 0, L_0x55aafe296390;  1 drivers
v0x55aafe2856c0_0 .net "a2", 0 0, L_0x55aafe296490;  1 drivers
v0x55aafe285780_0 .net "a3", 0 0, L_0x55aafe2965d0;  1 drivers
S_0x55aafe2858e0 .scope module, "u2" "Full_Adder" 2 28, 2 1 0, S_0x55aafe284360;
 .timescale 0 0;
    .port_info 0 /INPUT 1 "D1"
    .port_info 1 /INPUT 1 "D2"
    .port_info 2 /INPUT 1 "Cin"
    .port_info 3 /OUTPUT 1 "Sum_out"
    .port_info 4 /OUTPUT 1 "Cout"
L_0x55aafe296b40 .functor XOR 1, L_0x55aafe296fb0, L_0x55aafe297090, C4<0>, C4<0>;
L_0x55aafe296bb0 .functor AND 1, L_0x55aafe296fb0, L_0x55aafe297090, C4<1>, C4<1>;
L_0x55aafe296cf0 .functor AND 1, L_0x55aafe296b40, L_0x55aafe297130, C4<1>, C4<1>;
L_0x55aafe296db0 .functor OR 1, L_0x55aafe296bb0, L_0x55aafe296cf0, C4<0>, C4<0>;
L_0x55aafe296ef0 .functor XOR 1, L_0x55aafe296b40, L_0x55aafe297130, C4<0>, C4<0>;
v0x55aafe285b60_0 .net "Cin", 0 0, L_0x55aafe297130;  1 drivers
v0x55aafe285c20_0 .net "Cout", 0 0, L_0x55aafe296db0;  1 drivers
v0x55aafe285ce0_0 .net "D1", 0 0, L_0x55aafe296fb0;  1 drivers
v0x55aafe285db0_0 .net "D2", 0 0, L_0x55aafe297090;  1 drivers
v0x55aafe285e70_0 .net "Sum_out", 0 0, L_0x55aafe296ef0;  1 drivers
v0x55aafe285f80_0 .net "a1", 0 0, L_0x55aafe296b40;  1 drivers
v0x55aafe286040_0 .net "a2", 0 0, L_0x55aafe296bb0;  1 drivers
v0x55aafe286100_0 .net "a3", 0 0, L_0x55aafe296cf0;  1 drivers
S_0x55aafe286260 .scope module, "u3" "Full_Adder" 2 29, 2 1 0, S_0x55aafe284360;
 .timescale 0 0;
    .port_info 0 /INPUT 1 "D1"
    .port_info 1 /INPUT 1 "D2"
    .port_info 2 /INPUT 1 "Cin"
    .port_info 3 /OUTPUT 1 "Sum_out"
    .port_info 4 /OUTPUT 1 "Cout"
L_0x55aafe297400 .functor XOR 1, L_0x55aafe297890, L_0x55aafe297a20, C4<0>, C4<0>;
L_0x55aafe297470 .functor AND 1, L_0x55aafe297890, L_0x55aafe297a20, C4<1>, C4<1>;
L_0x55aafe297580 .functor AND 1, L_0x55aafe297400, L_0x55aafe297b50, C4<1>, C4<1>;
L_0x55aafe297640 .functor OR 1, L_0x55aafe297470, L_0x55aafe297580, C4<0>, C4<0>;
L_0x55aafe2977d0 .functor XOR 1, L_0x55aafe297400, L_0x55aafe297b50, C4<0>, C4<0>;
v0x55aafe2864b0_0 .net "Cin", 0 0, L_0x55aafe297b50;  1 drivers
v0x55aafe286590_0 .net "Cout", 0 0, L_0x55aafe297640;  alias, 1 drivers
v0x55aafe286650_0 .net "D1", 0 0, L_0x55aafe297890;  1 drivers
v0x55aafe286720_0 .net "D2", 0 0, L_0x55aafe297a20;  1 drivers
v0x55aafe2867e0_0 .net "Sum_out", 0 0, L_0x55aafe2977d0;  1 drivers
v0x55aafe2868f0_0 .net "a1", 0 0, L_0x55aafe297400;  1 drivers
v0x55aafe2869b0_0 .net "a2", 0 0, L_0x55aafe297470;  1 drivers
v0x55aafe286a70_0 .net "a3", 0 0, L_0x55aafe297580;  1 drivers
S_0x55aafe2871b0 .scope module, "u2" "adder_4bit" 2 45, 2 16 0, S_0x55aafe243ac0;
 .timescale 0 0;
    .port_info 0 /INPUT 4 "a"
    .port_info 1 /INPUT 4 "b"
    .port_info 2 /INPUT 1 "cin"
    .port_info 3 /OUTPUT 4 "sum"
    .port_info 4 /OUTPUT 1 "carry"
v0x55aafe289a30_0 .net "a", 3 0, L_0x55aafe299ea0;  1 drivers
v0x55aafe289b30_0 .net "b", 3 0, L_0x55aafe299f80;  1 drivers
v0x55aafe289c10_0 .net "carry", 0 0, L_0x55aafe2997b0;  1 drivers
v0x55aafe289ce0_0 .net "cin", 0 0, L_0x55aafe29a020;  1 drivers
v0x55aafe289d80_0 .net "s", 2 0, L_0x55aafe2993e0;  1 drivers
v0x55aafe289e90_0 .net "sum", 3 0, L_0x55aafe299e00;  1 drivers
L_0x55aafe298420 .part L_0x55aafe299ea0, 0, 1;
L_0x55aafe2984c0 .part L_0x55aafe299f80, 0, 1;
L_0x55aafe298a00 .part L_0x55aafe299ea0, 1, 1;
L_0x55aafe298af0 .part L_0x55aafe299f80, 1, 1;
L_0x55aafe298c10 .part L_0x55aafe2993e0, 0, 1;
L_0x55aafe299120 .part L_0x55aafe299ea0, 2, 1;
L_0x55aafe299200 .part L_0x55aafe299f80, 2, 1;
L_0x55aafe2992a0 .part L_0x55aafe2993e0, 1, 1;
L_0x55aafe2993e0 .concat8 [ 1 1 1 0], L_0x55aafe298250, L_0x55aafe298800, L_0x55aafe298f20;
L_0x55aafe299a00 .part L_0x55aafe299ea0, 3, 1;
L_0x55aafe299b30 .part L_0x55aafe299f80, 3, 1;
L_0x55aafe299c60 .part L_0x55aafe2993e0, 2, 1;
L_0x55aafe299e00 .concat8 [ 1 1 1 1], L_0x55aafe298360, L_0x55aafe298940, L_0x55aafe299060, L_0x55aafe299940;
S_0x55aafe287430 .scope module, "u0" "Full_Adder" 2 26, 2 1 0, S_0x55aafe2871b0;
 .timescale 0 0;
    .port_info 0 /INPUT 1 "D1"
    .port_info 1 /INPUT 1 "D2"
    .port_info 2 /INPUT 1 "Cin"
    .port_info 3 /OUTPUT 1 "Sum_out"
    .port_info 4 /OUTPUT 1 "Cout"
L_0x55aafe298010 .functor XOR 1, L_0x55aafe298420, L_0x55aafe2984c0, C4<0>, C4<0>;
L_0x55aafe298080 .functor AND 1, L_0x55aafe298420, L_0x55aafe2984c0, C4<1>, C4<1>;
L_0x7fdbd7dd60f0 .functor BUFT 1, C4<0>, C4<0>, C4<0>, C4<0>;
L_0x55aafe298190 .functor AND 1, L_0x55aafe298010, L_0x7fdbd7dd60f0, C4<1>, C4<1>;
L_0x55aafe298250 .functor OR 1, L_0x55aafe298080, L_0x55aafe298190, C4<0>, C4<0>;
L_0x55aafe298360 .functor XOR 1, L_0x55aafe298010, L_0x7fdbd7dd60f0, C4<0>, C4<0>;
v0x55aafe2876b0_0 .net "Cin", 0 0, L_0x7fdbd7dd60f0;  1 drivers
v0x55aafe287790_0 .net "Cout", 0 0, L_0x55aafe298250;  1 drivers
v0x55aafe287850_0 .net "D1", 0 0, L_0x55aafe298420;  1 drivers
v0x55aafe287920_0 .net "D2", 0 0, L_0x55aafe2984c0;  1 drivers
v0x55aafe2879e0_0 .net "Sum_out", 0 0, L_0x55aafe298360;  1 drivers
v0x55aafe287af0_0 .net "a1", 0 0, L_0x55aafe298010;  1 drivers
v0x55aafe287bb0_0 .net "a2", 0 0, L_0x55aafe298080;  1 drivers
v0x55aafe287c70_0 .net "a3", 0 0, L_0x55aafe298190;  1 drivers
S_0x55aafe287dd0 .scope module, "u1" "Full_Adder" 2 27, 2 1 0, S_0x55aafe2871b0;
 .timescale 0 0;
    .port_info 0 /INPUT 1 "D1"
    .port_info 1 /INPUT 1 "D2"
    .port_info 2 /INPUT 1 "Cin"
    .port_info 3 /OUTPUT 1 "Sum_out"
    .port_info 4 /OUTPUT 1 "Cout"
L_0x55aafe298560 .functor XOR 1, L_0x55aafe298a00, L_0x55aafe298af0, C4<0>, C4<0>;
L_0x55aafe298600 .functor AND 1, L_0x55aafe298a00, L_0x55aafe298af0, C4<1>, C4<1>;
L_0x55aafe298740 .functor AND 1, L_0x55aafe298560, L_0x55aafe298c10, C4<1>, C4<1>;
L_0x55aafe298800 .functor OR 1, L_0x55aafe298600, L_0x55aafe298740, C4<0>, C4<0>;
L_0x55aafe298940 .functor XOR 1, L_0x55aafe298560, L_0x55aafe298c10, C4<0>, C4<0>;
v0x55aafe288040_0 .net "Cin", 0 0, L_0x55aafe298c10;  1 drivers
v0x55aafe288100_0 .net "Cout", 0 0, L_0x55aafe298800;  1 drivers
v0x55aafe2881c0_0 .net "D1", 0 0, L_0x55aafe298a00;  1 drivers
v0x55aafe288290_0 .net "D2", 0 0, L_0x55aafe298af0;  1 drivers
v0x55aafe288350_0 .net "Sum_out", 0 0, L_0x55aafe298940;  1 drivers
v0x55aafe288460_0 .net "a1", 0 0, L_0x55aafe298560;  1 drivers
v0x55aafe288520_0 .net "a2", 0 0, L_0x55aafe298600;  1 drivers
v0x55aafe2885e0_0 .net "a3", 0 0, L_0x55aafe298740;  1 drivers
S_0x55aafe288740 .scope module, "u2" "Full_Adder" 2 28, 2 1 0, S_0x55aafe2871b0;
 .timescale 0 0;
    .port_info 0 /INPUT 1 "D1"
    .port_info 1 /INPUT 1 "D2"
    .port_info 2 /INPUT 1 "Cin"
    .port_info 3 /OUTPUT 1 "Sum_out"
    .port_info 4 /OUTPUT 1 "Cout"
L_0x55aafe298cb0 .functor XOR 1, L_0x55aafe299120, L_0x55aafe299200, C4<0>, C4<0>;
L_0x55aafe298d20 .functor AND 1, L_0x55aafe299120, L_0x55aafe299200, C4<1>, C4<1>;
L_0x55aafe298e60 .functor AND 1, L_0x55aafe298cb0, L_0x55aafe2992a0, C4<1>, C4<1>;
L_0x55aafe298f20 .functor OR 1, L_0x55aafe298d20, L_0x55aafe298e60, C4<0>, C4<0>;
L_0x55aafe299060 .functor XOR 1, L_0x55aafe298cb0, L_0x55aafe2992a0, C4<0>, C4<0>;
v0x55aafe2889c0_0 .net "Cin", 0 0, L_0x55aafe2992a0;  1 drivers
v0x55aafe288a80_0 .net "Cout", 0 0, L_0x55aafe298f20;  1 drivers
v0x55aafe288b40_0 .net "D1", 0 0, L_0x55aafe299120;  1 drivers
v0x55aafe288c10_0 .net "D2", 0 0, L_0x55aafe299200;  1 drivers
v0x55aafe288cd0_0 .net "Sum_out", 0 0, L_0x55aafe299060;  1 drivers
v0x55aafe288de0_0 .net "a1", 0 0, L_0x55aafe298cb0;  1 drivers
v0x55aafe288ea0_0 .net "a2", 0 0, L_0x55aafe298d20;  1 drivers
v0x55aafe288f60_0 .net "a3", 0 0, L_0x55aafe298e60;  1 drivers
S_0x55aafe2890c0 .scope module, "u3" "Full_Adder" 2 29, 2 1 0, S_0x55aafe2871b0;
 .timescale 0 0;
    .port_info 0 /INPUT 1 "D1"
    .port_info 1 /INPUT 1 "D2"
    .port_info 2 /INPUT 1 "Cin"
    .port_info 3 /OUTPUT 1 "Sum_out"
    .port_info 4 /OUTPUT 1 "Cout"
L_0x55aafe299570 .functor XOR 1, L_0x55aafe299a00, L_0x55aafe299b30, C4<0>, C4<0>;
L_0x55aafe2995e0 .functor AND 1, L_0x55aafe299a00, L_0x55aafe299b30, C4<1>, C4<1>;
L_0x55aafe2996f0 .functor AND 1, L_0x55aafe299570, L_0x55aafe299c60, C4<1>, C4<1>;
L_0x55aafe2997b0 .functor OR 1, L_0x55aafe2995e0, L_0x55aafe2996f0, C4<0>, C4<0>;
L_0x55aafe299940 .functor XOR 1, L_0x55aafe299570, L_0x55aafe299c60, C4<0>, C4<0>;
v0x55aafe289310_0 .net "Cin", 0 0, L_0x55aafe299c60;  1 drivers
v0x55aafe2893f0_0 .net "Cout", 0 0, L_0x55aafe2997b0;  alias, 1 drivers
v0x55aafe2894b0_0 .net "D1", 0 0, L_0x55aafe299a00;  1 drivers
v0x55aafe289580_0 .net "D2", 0 0, L_0x55aafe299b30;  1 drivers
v0x55aafe289640_0 .net "Sum_out", 0 0, L_0x55aafe299940;  1 drivers
v0x55aafe289750_0 .net "a1", 0 0, L_0x55aafe299570;  1 drivers
v0x55aafe289810_0 .net "a2", 0 0, L_0x55aafe2995e0;  1 drivers
v0x55aafe2898d0_0 .net "a3", 0 0, L_0x55aafe2996f0;  1 drivers
S_0x55aafe28a010 .scope module, "u3" "adder_4bit" 2 46, 2 16 0, S_0x55aafe243ac0;
 .timescale 0 0;
    .port_info 0 /INPUT 4 "a"
    .port_info 1 /INPUT 4 "b"
    .port_info 2 /INPUT 1 "cin"
    .port_info 3 /OUTPUT 4 "sum"
    .port_info 4 /OUTPUT 1 "carry"
v0x55aafe28c880_0 .net "a", 3 0, L_0x55aafe29c030;  1 drivers
v0x55aafe28c980_0 .net "b", 3 0, L_0x55aafe29c160;  1 drivers
v0x55aafe28ca60_0 .net "carry", 0 0, L_0x55aafe29b990;  alias, 1 drivers
v0x55aafe28cb30_0 .net "cin", 0 0, L_0x55aafe29c290;  1 drivers
v0x55aafe28cbd0_0 .net "s", 2 0, L_0x55aafe29b5c0;  1 drivers
v0x55aafe28cce0_0 .net "sum", 3 0, L_0x55aafe29bf90;  1 drivers
L_0x55aafe29a610 .part L_0x55aafe29c030, 0, 1;
L_0x55aafe29a6b0 .part L_0x55aafe29c160, 0, 1;
L_0x55aafe29abe0 .part L_0x55aafe29c030, 1, 1;
L_0x55aafe29acd0 .part L_0x55aafe29c160, 1, 1;
L_0x55aafe29adf0 .part L_0x55aafe29b5c0, 0, 1;
L_0x55aafe29b300 .part L_0x55aafe29c030, 2, 1;
L_0x55aafe29b3e0 .part L_0x55aafe29c160, 2, 1;
L_0x55aafe29b480 .part L_0x55aafe29b5c0, 1, 1;
L_0x55aafe29b5c0 .concat8 [ 1 1 1 0], L_0x55aafe29a440, L_0x55aafe29a9e0, L_0x55aafe29b100;
L_0x55aafe29bb90 .part L_0x55aafe29c030, 3, 1;
L_0x55aafe29bcc0 .part L_0x55aafe29c160, 3, 1;
L_0x55aafe29bdf0 .part L_0x55aafe29b5c0, 2, 1;
L_0x55aafe29bf90 .concat8 [ 1 1 1 1], L_0x55aafe29a550, L_0x55aafe29ab20, L_0x55aafe29b240, L_0x55aafe29bad0;
S_0x55aafe28a260 .scope module, "u0" "Full_Adder" 2 26, 2 1 0, S_0x55aafe28a010;
 .timescale 0 0;
    .port_info 0 /INPUT 1 "D1"
    .port_info 1 /INPUT 1 "D2"
    .port_info 2 /INPUT 1 "Cin"
    .port_info 3 /OUTPUT 1 "Sum_out"
    .port_info 4 /OUTPUT 1 "Cout"
L_0x55aafe29a200 .functor XOR 1, L_0x55aafe29a610, L_0x55aafe29a6b0, C4<0>, C4<0>;
L_0x55aafe29a270 .functor AND 1, L_0x55aafe29a610, L_0x55aafe29a6b0, C4<1>, C4<1>;
L_0x7fdbd7dd6138 .functor BUFT 1, C4<0>, C4<0>, C4<0>, C4<0>;
L_0x55aafe29a380 .functor AND 1, L_0x55aafe29a200, L_0x7fdbd7dd6138, C4<1>, C4<1>;
L_0x55aafe29a440 .functor OR 1, L_0x55aafe29a270, L_0x55aafe29a380, C4<0>, C4<0>;
L_0x55aafe29a550 .functor XOR 1, L_0x55aafe29a200, L_0x7fdbd7dd6138, C4<0>, C4<0>;
v0x55aafe28a500_0 .net "Cin", 0 0, L_0x7fdbd7dd6138;  1 drivers
v0x55aafe28a5e0_0 .net "Cout", 0 0, L_0x55aafe29a440;  1 drivers
v0x55aafe28a6a0_0 .net "D1", 0 0, L_0x55aafe29a610;  1 drivers
v0x55aafe28a770_0 .net "D2", 0 0, L_0x55aafe29a6b0;  1 drivers
v0x55aafe28a830_0 .net "Sum_out", 0 0, L_0x55aafe29a550;  1 drivers
v0x55aafe28a940_0 .net "a1", 0 0, L_0x55aafe29a200;  1 drivers
v0x55aafe28aa00_0 .net "a2", 0 0, L_0x55aafe29a270;  1 drivers
v0x55aafe28aac0_0 .net "a3", 0 0, L_0x55aafe29a380;  1 drivers
S_0x55aafe28ac20 .scope module, "u1" "Full_Adder" 2 27, 2 1 0, S_0x55aafe28a010;
 .timescale 0 0;
    .port_info 0 /INPUT 1 "D1"
    .port_info 1 /INPUT 1 "D2"
    .port_info 2 /INPUT 1 "Cin"
    .port_info 3 /OUTPUT 1 "Sum_out"
    .port_info 4 /OUTPUT 1 "Cout"
L_0x55aafe29a7a0 .functor XOR 1, L_0x55aafe29abe0, L_0x55aafe29acd0, C4<0>, C4<0>;
L_0x55aafe29a810 .functor AND 1, L_0x55aafe29abe0, L_0x55aafe29acd0, C4<1>, C4<1>;
L_0x55aafe29a920 .functor AND 1, L_0x55aafe29a7a0, L_0x55aafe29adf0, C4<1>, C4<1>;
L_0x55aafe29a9e0 .functor OR 1, L_0x55aafe29a810, L_0x55aafe29a920, C4<0>, C4<0>;
L_0x55aafe29ab20 .functor XOR 1, L_0x55aafe29a7a0, L_0x55aafe29adf0, C4<0>, C4<0>;
v0x55aafe28ae90_0 .net "Cin", 0 0, L_0x55aafe29adf0;  1 drivers
v0x55aafe28af50_0 .net "Cout", 0 0, L_0x55aafe29a9e0;  1 drivers
v0x55aafe28b010_0 .net "D1", 0 0, L_0x55aafe29abe0;  1 drivers
v0x55aafe28b0e0_0 .net "D2", 0 0, L_0x55aafe29acd0;  1 drivers
v0x55aafe28b1a0_0 .net "Sum_out", 0 0, L_0x55aafe29ab20;  1 drivers
v0x55aafe28b2b0_0 .net "a1", 0 0, L_0x55aafe29a7a0;  1 drivers
v0x55aafe28b370_0 .net "a2", 0 0, L_0x55aafe29a810;  1 drivers
v0x55aafe28b430_0 .net "a3", 0 0, L_0x55aafe29a920;  1 drivers
S_0x55aafe28b590 .scope module, "u2" "Full_Adder" 2 28, 2 1 0, S_0x55aafe28a010;
 .timescale 0 0;
    .port_info 0 /INPUT 1 "D1"
    .port_info 1 /INPUT 1 "D2"
    .port_info 2 /INPUT 1 "Cin"
    .port_info 3 /OUTPUT 1 "Sum_out"
    .port_info 4 /OUTPUT 1 "Cout"
L_0x55aafe29ae90 .functor XOR 1, L_0x55aafe29b300, L_0x55aafe29b3e0, C4<0>, C4<0>;
L_0x55aafe29af00 .functor AND 1, L_0x55aafe29b300, L_0x55aafe29b3e0, C4<1>, C4<1>;
L_0x55aafe29b040 .functor AND 1, L_0x55aafe29ae90, L_0x55aafe29b480, C4<1>, C4<1>;
L_0x55aafe29b100 .functor OR 1, L_0x55aafe29af00, L_0x55aafe29b040, C4<0>, C4<0>;
L_0x55aafe29b240 .functor XOR 1, L_0x55aafe29ae90, L_0x55aafe29b480, C4<0>, C4<0>;
v0x55aafe28b810_0 .net "Cin", 0 0, L_0x55aafe29b480;  1 drivers
v0x55aafe28b8d0_0 .net "Cout", 0 0, L_0x55aafe29b100;  1 drivers
v0x55aafe28b990_0 .net "D1", 0 0, L_0x55aafe29b300;  1 drivers
v0x55aafe28ba60_0 .net "D2", 0 0, L_0x55aafe29b3e0;  1 drivers
v0x55aafe28bb20_0 .net "Sum_out", 0 0, L_0x55aafe29b240;  1 drivers
v0x55aafe28bc30_0 .net "a1", 0 0, L_0x55aafe29ae90;  1 drivers
v0x55aafe28bcf0_0 .net "a2", 0 0, L_0x55aafe29af00;  1 drivers
v0x55aafe28bdb0_0 .net "a3", 0 0, L_0x55aafe29b040;  1 drivers
S_0x55aafe28bf10 .scope module, "u3" "Full_Adder" 2 29, 2 1 0, S_0x55aafe28a010;
 .timescale 0 0;
    .port_info 0 /INPUT 1 "D1"
    .port_info 1 /INPUT 1 "D2"
    .port_info 2 /INPUT 1 "Cin"
    .port_info 3 /OUTPUT 1 "Sum_out"
    .port_info 4 /OUTPUT 1 "Cout"
L_0x55aafe29b750 .functor XOR 1, L_0x55aafe29bb90, L_0x55aafe29bcc0, C4<0>, C4<0>;
L_0x55aafe29b7c0 .functor AND 1, L_0x55aafe29bb90, L_0x55aafe29bcc0, C4<1>, C4<1>;
L_0x55aafe29b8d0 .functor AND 1, L_0x55aafe29b750, L_0x55aafe29bdf0, C4<1>, C4<1>;
L_0x55aafe29b990 .functor OR 1, L_0x55aafe29b7c0, L_0x55aafe29b8d0, C4<0>, C4<0>;
L_0x55aafe29bad0 .functor XOR 1, L_0x55aafe29b750, L_0x55aafe29bdf0, C4<0>, C4<0>;
v0x55aafe28c160_0 .net "Cin", 0 0, L_0x55aafe29bdf0;  1 drivers
v0x55aafe28c240_0 .net "Cout", 0 0, L_0x55aafe29b990;  alias, 1 drivers
v0x55aafe28c300_0 .net "D1", 0 0, L_0x55aafe29bb90;  1 drivers
v0x55aafe28c3d0_0 .net "D2", 0 0, L_0x55aafe29bcc0;  1 drivers
v0x55aafe28c490_0 .net "Sum_out", 0 0, L_0x55aafe29bad0;  1 drivers
v0x55aafe28c5a0_0 .net "a1", 0 0, L_0x55aafe29b750;  1 drivers
v0x55aafe28c660_0 .net "a2", 0 0, L_0x55aafe29b7c0;  1 drivers
v0x55aafe28c720_0 .net "a3", 0 0, L_0x55aafe29b8d0;  1 drivers
S_0x55aafe23e350 .scope module, "jump_control" "jump_control" 3 1;
 .timescale 0 0;
    .port_info 0 /INPUT 1 "clk"
    .port_info 1 /INPUT 2 "alu_op"
    .port_info 2 /INPUT 4 "func"
    .port_info 3 /OUTPUT 1 "jumpcontrol"
v0x55aafe28d3a0_0 .net *"_s0", 5 0, L_0x55aafe29c4d0;  1 drivers
L_0x7fdbd7dd6180 .functor BUFT 1, C4<001000>, C4<0>, C4<0>, C4<0>;
v0x55aafe28d4a0_0 .net/2u *"_s2", 5 0, L_0x7fdbd7dd6180;  1 drivers
v0x55aafe28d580_0 .net *"_s4", 0 0, L_0x55aafe29c570;  1 drivers
L_0x7fdbd7dd61c8 .functor BUFT 1, C4<1>, C4<0>, C4<0>, C4<0>;
v0x55aafe28d620_0 .net/2u *"_s6", 0 0, L_0x7fdbd7dd61c8;  1 drivers
L_0x7fdbd7dd6210 .functor BUFT 1, C4<0>, C4<0>, C4<0>, C4<0>;
v0x55aafe28d700_0 .net/2u *"_s8", 0 0, L_0x7fdbd7dd6210;  1 drivers
o0x7fdbd7e22108 .functor BUFZ 2, C4<zz>; HiZ drive
v0x55aafe28d830_0 .net "alu_op", 1 0, o0x7fdbd7e22108;  0 drivers
o0x7fdbd7e22138 .functor BUFZ 1, C4<z>; HiZ drive
v0x55aafe28d910_0 .net "clk", 0 0, o0x7fdbd7e22138;  0 drivers
o0x7fdbd7e22168 .functor BUFZ 4, C4<zzzz>; HiZ drive
v0x55aafe28d9d0_0 .net "func", 3 0, o0x7fdbd7e22168;  0 drivers
v0x55aafe28dab0_0 .net "jumpcontrol", 0 0, L_0x55aafe29c6b0;  1 drivers
L_0x55aafe29c4d0 .concat [ 4 2 0 0], o0x7fdbd7e22168, o0x7fdbd7e22108;
L_0x55aafe29c570 .cmp/eq 6, L_0x55aafe29c4d0, L_0x7fdbd7dd6180;
L_0x55aafe29c6b0 .functor MUXZ 1, L_0x7fdbd7dd6210, L_0x7fdbd7dd61c8, L_0x55aafe29c570, C4<>;
S_0x55aafe245200 .scope module, "main_tb" "main_tb" 4 1;
 .timescale 0 0;
v0x55aafe293b90_0 .var "clk", 0 0;
v0x55aafe293c50_0 .net "pc_nxt", 31 0, v0x55aafe2931b0_0;  1 drivers
v0x55aafe293d10_0 .var "reset", 0 0;
v0x55aafe293e10_0 .net "result", 31 0, v0x55aafe293750_0;  1 drivers
S_0x55aafe28dbf0 .scope module, "uut" "mips" 4 8, 5 2 0, S_0x55aafe245200;
 .timescale 0 0;
    .port_info 0 /INPUT 1 "clk"
    .port_info 1 /INPUT 1 "reset"
    .port_info 2 /OUTPUT 32 "pc_nxt"
    .port_info 3 /OUTPUT 32 "result"
v0x55aafe2918a0_0 .net *"_s11", 4 0, L_0x55aafe2acbb0;  1 drivers
v0x55aafe2919a0_0 .net *"_s13", 4 0, L_0x55aafe2acc50;  1 drivers
v0x55aafe291a80_0 .net *"_s2", 31 0, L_0x55aafe29c930;  1 drivers
v0x55aafe291b70_0 .net *"_s22", 31 0, L_0x55aafe2ad180;  1 drivers
L_0x7fdbd7dd62e8 .functor BUFT 1, C4<0000000000000000000000000000000>, C4<0>, C4<0>, C4<0>;
v0x55aafe291c50_0 .net *"_s25", 30 0, L_0x7fdbd7dd62e8;  1 drivers
L_0x7fdbd7dd6330 .functor BUFT 1, C4<00000000000000000000000000000001>, C4<0>, C4<0>, C4<0>;
v0x55aafe291d30_0 .net/2u *"_s26", 31 0, L_0x7fdbd7dd6330;  1 drivers
v0x55aafe291e10_0 .net *"_s28", 0 0, L_0x55aafe2ad2d0;  1 drivers
v0x55aafe291ed0_0 .net *"_s32", 31 0, L_0x55aafe2ad9c0;  1 drivers
L_0x7fdbd7dd6408 .functor BUFT 1, C4<0000000000000000000000000000000>, C4<0>, C4<0>, C4<0>;
v0x55aafe291fb0_0 .net *"_s35", 30 0, L_0x7fdbd7dd6408;  1 drivers
L_0x7fdbd7dd6450 .functor BUFT 1, C4<00000000000000000000000000000001>, C4<0>, C4<0>, C4<0>;
v0x55aafe292120_0 .net/2u *"_s36", 31 0, L_0x7fdbd7dd6450;  1 drivers
v0x55aafe292200_0 .net *"_s38", 0 0, L_0x55aafe2adb00;  1 drivers
L_0x7fdbd7dd6258 .functor BUFT 1, C4<0000000000000000000000000000000>, C4<0>, C4<0>, C4<0>;
v0x55aafe2922c0_0 .net *"_s5", 30 0, L_0x7fdbd7dd6258;  1 drivers
L_0x7fdbd7dd62a0 .functor BUFT 1, C4<00000000000000000000000000000001>, C4<0>, C4<0>, C4<0>;
v0x55aafe2923a0_0 .net/2u *"_s6", 31 0, L_0x7fdbd7dd62a0;  1 drivers
v0x55aafe292480_0 .net *"_s8", 0 0, L_0x55aafe2acac0;  1 drivers
v0x55aafe292540_0 .var "adder1", 31 0;
v0x55aafe292620_0 .var "adder2", 31 0;
v0x55aafe292700_0 .net "alu_control", 3 0, v0x55aafe28e860_0;  1 drivers
v0x55aafe2927c0_0 .net "alu_op", 1 0, v0x55aafe28ee50_0;  1 drivers
v0x55aafe2928d0_0 .net "alu_result", 31 0, v0x55aafe28e160_0;  1 drivers
v0x55aafe2929e0_0 .net "alu_src", 0 0, v0x55aafe28ef60_0;  1 drivers
v0x55aafe292a80_0 .net "branch", 0 0, v0x55aafe28f000_0;  1 drivers
v0x55aafe292b20_0 .net "clk", 0 0, v0x55aafe293b90_0;  1 drivers
v0x55aafe292bc0_0 .net "data_2", 31 0, L_0x55aafe2ad410;  1 drivers
v0x55aafe292c60_0 .var "extended", 31 0;
v0x55aafe292d00_0 .net "instruction", 31 0, v0x55aafe290a10_0;  1 drivers
v0x55aafe292dc0_0 .net "jump", 0 0, v0x55aafe28f1c0_0;  1 drivers
v0x55aafe292e90_0 .net "mem_read", 0 0, v0x55aafe28f2d0_0;  1 drivers
v0x55aafe292f80_0 .net "mem_write", 0 0, v0x55aafe28f390_0;  1 drivers
v0x55aafe293070_0 .net "memto_reg", 0 0, v0x55aafe28f450_0;  1 drivers
v0x55aafe293110_0 .var "pc", 31 0;
v0x55aafe2931b0_0 .var "pc_nxt", 31 0;
v0x55aafe293250_0 .net "read_data", 31 0, L_0x55aafe2ad7e0;  1 drivers
v0x55aafe293320_0 .net "read_data1", 31 0, v0x55aafe291120_0;  1 drivers
v0x55aafe293410_0 .net "read_data2", 31 0, v0x55aafe291210_0;  1 drivers
v0x55aafe293520_0 .net "reg_dst", 0 0, v0x55aafe28f5f0_0;  1 drivers
v0x55aafe2935c0_0 .net "reg_write", 0 0, v0x55aafe28f6b0_0;  1 drivers
v0x55aafe2936b0_0 .net "reset", 0 0, v0x55aafe293d10_0;  1 drivers
v0x55aafe293750_0 .var "result", 31 0;
v0x55aafe293830_0 .var "sel", 0 0;
v0x55aafe2938f0_0 .net "write_data", 31 0, L_0x55aafe2adcc0;  1 drivers
v0x55aafe2939b0_0 .net "write_reg", 4 0, L_0x55aafe2acd80;  1 drivers
v0x55aafe293a50_0 .net "zero", 0 0, v0x55aafe28e4f0_0;  1 drivers
L_0x55aafe29c840 .part v0x55aafe290a10_0, 26, 6;
L_0x55aafe29c930 .concat [ 1 31 0 0], v0x55aafe28f5f0_0, L_0x7fdbd7dd6258;
L_0x55aafe2acac0 .cmp/eq 32, L_0x55aafe29c930, L_0x7fdbd7dd62a0;
L_0x55aafe2acbb0 .part v0x55aafe290a10_0, 11, 5;
L_0x55aafe2acc50 .part v0x55aafe290a10_0, 16, 5;
L_0x55aafe2acd80 .functor MUXZ 5, L_0x55aafe2acc50, L_0x55aafe2acbb0, L_0x55aafe2acac0, C4<>;
L_0x55aafe2acf50 .part v0x55aafe290a10_0, 21, 5;
L_0x55aafe2acff0 .part v0x55aafe290a10_0, 16, 5;
L_0x55aafe2ad0e0 .part v0x55aafe290a10_0, 0, 6;
L_0x55aafe2ad180 .concat [ 1 31 0 0], v0x55aafe28ef60_0, L_0x7fdbd7dd62e8;
L_0x55aafe2ad2d0 .cmp/eq 32, L_0x55aafe2ad180, L_0x7fdbd7dd6330;
L_0x55aafe2ad410 .functor MUXZ 32, v0x55aafe291210_0, v0x55aafe292c60_0, L_0x55aafe2ad2d0, C4<>;
L_0x55aafe2ad9c0 .concat [ 1 31 0 0], v0x55aafe28f450_0, L_0x7fdbd7dd6408;
L_0x55aafe2adb00 .cmp/eq 32, L_0x55aafe2ad9c0, L_0x7fdbd7dd6450;
L_0x55aafe2adcc0 .functor MUXZ 32, v0x55aafe28e160_0, L_0x55aafe2ad7e0, L_0x55aafe2adb00, C4<>;
S_0x55aafe28dd90 .scope module, "ALU" "alu" 5 89, 6 1 0, S_0x55aafe28dbf0;
 .timescale 0 0;
    .port_info 0 /INPUT 1 "clk"
    .port_info 1 /INPUT 32 "data_1"
    .port_info 2 /INPUT 32 "data_2"
    .port_info 3 /INPUT 4 "alu_cntrl"
    .port_info 4 /OUTPUT 32 "alu_out"
    .port_info 5 /OUTPUT 1 "zero"
v0x55aafe28e060_0 .net "alu_cntrl", 3 0, v0x55aafe28e860_0;  alias, 1 drivers
v0x55aafe28e160_0 .var "alu_out", 31 0;
v0x55aafe28e240_0 .net "clk", 0 0, v0x55aafe293b90_0;  alias, 1 drivers
v0x55aafe28e2e0_0 .net "data_1", 31 0, v0x55aafe291120_0;  alias, 1 drivers
v0x55aafe28e3c0_0 .net "data_2", 31 0, L_0x55aafe2ad410;  alias, 1 drivers
v0x55aafe28e4f0_0 .var "zero", 0 0;
E_0x55aafe1e9c40 .event posedge, v0x55aafe28e240_0;
S_0x55aafe28e670 .scope module, "ALU_control" "alu_control_unit" 5 73, 7 1 0, S_0x55aafe28dbf0;
 .timescale 0 0;
    .port_info 0 /INPUT 1 "clk"
    .port_info 1 /INPUT 6 "func"
    .port_info 2 /INPUT 2 "alu_op"
    .port_info 3 /OUTPUT 4 "alu_control"
v0x55aafe28e860_0 .var "alu_control", 3 0;
v0x55aafe28e950_0 .net "alu_op", 1 0, v0x55aafe28ee50_0;  alias, 1 drivers
v0x55aafe28ea10_0 .net "clk", 0 0, v0x55aafe293b90_0;  alias, 1 drivers
v0x55aafe28eb10_0 .net "func", 5 0, L_0x55aafe2ad0e0;  1 drivers
S_0x55aafe28ec60 .scope module, "Control" "control_unit" 5 56, 8 1 0, S_0x55aafe28dbf0;
 .timescale 0 0;
    .port_info 0 /INPUT 1 "clk"
    .port_info 1 /INPUT 6 "opcode"
    .port_info 2 /OUTPUT 1 "reg_dst"
    .port_info 3 /OUTPUT 1 "memto_reg"
    .port_info 4 /OUTPUT 2 "alu_op"
    .port_info 5 /OUTPUT 1 "jump"
    .port_info 6 /OUTPUT 1 "branch"
    .port_info 7 /OUTPUT 1 "mem_read"
    .port_info 8 /OUTPUT 1 "mem_write"
    .port_info 9 /OUTPUT 1 "alu_src"
    .port_info 10 /OUTPUT 1 "reg_write"
v0x55aafe28ee50_0 .var "alu_op", 1 0;
v0x55aafe28ef60_0 .var "alu_src", 0 0;
v0x55aafe28f000_0 .var "branch", 0 0;
v0x55aafe28f0d0_0 .net "clk", 0 0, v0x55aafe293b90_0;  alias, 1 drivers
v0x55aafe28f1c0_0 .var "jump", 0 0;
v0x55aafe28f2d0_0 .var "mem_read", 0 0;
v0x55aafe28f390_0 .var "mem_write", 0 0;
v0x55aafe28f450_0 .var "memto_reg", 0 0;
v0x55aafe28f510_0 .net "opcode", 5 0, L_0x55aafe29c840;  1 drivers
v0x55aafe28f5f0_0 .var "reg_dst", 0 0;
v0x55aafe28f6b0_0 .var "reg_write", 0 0;
E_0x55aafe1e9b30 .event edge, v0x55aafe28f510_0;
S_0x55aafe28f8d0 .scope module, "Data_memory" "data_memory_unit" 5 96, 9 1 0, S_0x55aafe28dbf0;
 .timescale 0 0;
    .port_info 0 /INPUT 1 "clk"
    .port_info 1 /INPUT 32 "address"
    .port_info 2 /INPUT 32 "write_data"
    .port_info 3 /INPUT 1 "write_enable"
    .port_info 4 /INPUT 1 "read_enable"
    .port_info 5 /OUTPUT 32 "read_data"
L_0x55aafe2ad5c0 .functor BUFZ 32, v0x55aafe28e160_0, C4<00000000000000000000000000000000>, C4<00000000000000000000000000000000>, C4<00000000000000000000000000000000>;
L_0x7fdbd7dd6378 .functor BUFT 1, C4<1>, C4<0>, C4<0>, C4<0>;
L_0x55aafe2ad630 .functor XNOR 1, v0x55aafe28f2d0_0, L_0x7fdbd7dd6378, C4<0>, C4<0>;
v0x55aafe28faf0_0 .net/2u *"_s2", 0 0, L_0x7fdbd7dd6378;  1 drivers
v0x55aafe28fbf0_0 .net *"_s4", 0 0, L_0x55aafe2ad630;  1 drivers
v0x55aafe28fcb0_0 .net *"_s6", 31 0, L_0x55aafe2ad6f0;  1 drivers
L_0x7fdbd7dd63c0 .functor BUFT 1, C4<00000000000000000000000000000000>, C4<0>, C4<0>, C4<0>;
v0x55aafe28fd70_0 .net/2u *"_s8", 31 0, L_0x7fdbd7dd63c0;  1 drivers
v0x55aafe28fe50_0 .net "address", 31 0, v0x55aafe28e160_0;  alias, 1 drivers
v0x55aafe28ff60_0 .net "clk", 0 0, v0x55aafe293b90_0;  alias, 1 drivers
v0x55aafe290000_0 .net "main_address", 31 0, L_0x55aafe2ad5c0;  1 drivers
v0x55aafe2900c0 .array "main_memory", 0 511, 31 0;
v0x55aafe290180_0 .net "read_data", 31 0, L_0x55aafe2ad7e0;  alias, 1 drivers
v0x55aafe2902f0_0 .net "read_enable", 0 0, v0x55aafe28f2d0_0;  alias, 1 drivers
v0x55aafe290390_0 .net "write_data", 31 0, v0x55aafe291210_0;  alias, 1 drivers
v0x55aafe290450_0 .net "write_enable", 0 0, v0x55aafe28f390_0;  alias, 1 drivers
L_0x55aafe2ad6f0 .array/port v0x55aafe2900c0, L_0x55aafe2ad5c0;
L_0x55aafe2ad7e0 .functor MUXZ 32, L_0x7fdbd7dd63c0, L_0x55aafe2ad6f0, L_0x55aafe2ad630, C4<>;
S_0x55aafe2905c0 .scope module, "IM" "instruction_memory" 5 43, 10 1 0, S_0x55aafe28dbf0;
 .timescale 0 0;
    .port_info 0 /INPUT 1 "clk"
    .port_info 1 /INPUT 32 "pc"
    .port_info 2 /OUTPUT 32 "instruction"
v0x55aafe290800_0 .net "clk", 0 0, v0x55aafe293b90_0;  alias, 1 drivers
v0x55aafe290950 .array "instr_memory", 0 255, 31 0;
v0x55aafe290a10_0 .var "instruction", 31 0;
v0x55aafe290ad0_0 .net "pc", 31 0, v0x55aafe293110_0;  1 drivers
S_0x55aafe290c30 .scope module, "Registers" "register_file" 5 66, 11 1 0, S_0x55aafe28dbf0;
 .timescale 0 0;
    .port_info 0 /INPUT 1 "clk"
    .port_info 1 /INPUT 5 "read_reg1"
    .port_info 2 /INPUT 5 "read_reg2"
    .port_info 3 /INPUT 5 "write_reg"
    .port_info 4 /INPUT 32 "write_data"
    .port_info 5 /INPUT 1 "reg_write"
    .port_info 6 /OUTPUT 32 "read_data1"
    .port_info 7 /OUTPUT 32 "read_data2"
v0x55aafe290ed0 .array "all_registers", 31 0, 31 0;
v0x55aafe290f90_0 .net "clk", 0 0, v0x55aafe293b90_0;  alias, 1 drivers
v0x55aafe291050_0 .var/i "i", 31 0;
v0x55aafe291120_0 .var "read_data1", 31 0;
v0x55aafe291210_0 .var "read_data2", 31 0;
v0x55aafe291300_0 .net "read_reg1", 4 0, L_0x55aafe2acf50;  1 drivers
v0x55aafe2913c0_0 .net "read_reg2", 4 0, L_0x55aafe2acff0;  1 drivers
v0x55aafe2914a0_0 .net "reg_write", 0 0, v0x55aafe28f6b0_0;  alias, 1 drivers
v0x55aafe291570_0 .net "write_data", 31 0, L_0x55aafe2adcc0;  alias, 1 drivers
v0x55aafe2916c0_0 .net "write_reg", 4 0, L_0x55aafe2acd80;  alias, 1 drivers
    .scope S_0x55aafe2905c0;
T_0 ;
    %pushi/vec4 2348875808, 0, 32;
    %ix/load 3, 0, 0;
    %flag_set/imm 4, 0;
    %ix/load 4, 0, 0; Constant delay
    %assign/vec4/a/d v0x55aafe290950, 0, 4;
    %pushi/vec4 2348941328, 0, 32;
    %ix/load 3, 1, 0;
    %flag_set/imm 4, 0;
    %ix/load 4, 0, 0; Constant delay
    %assign/vec4/a/d v0x55aafe290950, 0, 4;
    %pushi/vec4 2349006896, 0, 32;
    %ix/load 3, 2, 0;
    %flag_set/imm 4, 0;
    %ix/load 4, 0, 0; Constant delay
    %assign/vec4/a/d v0x55aafe290950, 0, 4;
    %end;
    .thread T_0;
    .scope S_0x55aafe2905c0;
T_1 ;
    %wait E_0x55aafe1e9c40;
    %ix/getv 4, v0x55aafe290ad0_0;
    %load/vec4a v0x55aafe290950, 4;
    %store/vec4 v0x55aafe290a10_0, 0, 32;
    %jmp T_1;
    .thread T_1;
    .scope S_0x55aafe28ec60;
T_2 ;
    %wait E_0x55aafe1e9b30;
    %pushi/vec4 0, 0, 1;
    %store/vec4 v0x55aafe28f5f0_0, 0, 1;
    %pushi/vec4 0, 0, 1;
    %store/vec4 v0x55aafe28f450_0, 0, 1;
    %pushi/vec4 0, 0, 2;
    %store/vec4 v0x55aafe28ee50_0, 0, 2;
    %pushi/vec4 0, 0, 1;
    %store/vec4 v0x55aafe28f1c0_0, 0, 1;
    %pushi/vec4 0, 0, 1;
    %store/vec4 v0x55aafe28f000_0, 0, 1;
    %pushi/vec4 0, 0, 1;
    %store/vec4 v0x55aafe28f2d0_0, 0, 1;
    %pushi/vec4 0, 0, 1;
    %store/vec4 v0x55aafe28f390_0, 0, 1;
    %pushi/vec4 0, 0, 1;
    %store/vec4 v0x55aafe28ef60_0, 0, 1;
    %pushi/vec4 0, 0, 1;
    %store/vec4 v0x55aafe28f6b0_0, 0, 1;
    %load/vec4 v0x55aafe28f510_0;
    %dup/vec4;
    %pushi/vec4 0, 0, 6;
    %cmp/u;
    %jmp/1 T_2.0, 6;
    %dup/vec4;
    %pushi/vec4 2, 0, 6;
    %cmp/u;
    %jmp/1 T_2.1, 6;
    %dup/vec4;
    %pushi/vec4 35, 0, 6;
    %cmp/u;
    %jmp/1 T_2.2, 6;
    %dup/vec4;
    %pushi/vec4 43, 0, 6;
    %cmp/u;
    %jmp/1 T_2.3, 6;
    %dup/vec4;
    %pushi/vec4 4, 0, 6;
    %cmp/u;
    %jmp/1 T_2.4, 6;
    %jmp T_2.5;
T_2.0 ;
    %pushi/vec4 1, 0, 1;
    %store/vec4 v0x55aafe28f5f0_0, 0, 1;
    %pushi/vec4 0, 0, 1;
    %store/vec4 v0x55aafe28f450_0, 0, 1;
    %pushi/vec4 2, 0, 2;
    %store/vec4 v0x55aafe28ee50_0, 0, 2;
    %pushi/vec4 0, 0, 1;
    %store/vec4 v0x55aafe28f1c0_0, 0, 1;
    %pushi/vec4 0, 0, 1;
    %store/vec4 v0x55aafe28f000_0, 0, 1;
    %pushi/vec4 0, 0, 1;
    %store/vec4 v0x55aafe28f2d0_0, 0, 1;
    %pushi/vec4 0, 0, 1;
    %store/vec4 v0x55aafe28f390_0, 0, 1;
    %pushi/vec4 0, 0, 1;
    %store/vec4 v0x55aafe28ef60_0, 0, 1;
    %pushi/vec4 1, 0, 1;
    %store/vec4 v0x55aafe28f6b0_0, 0, 1;
    %jmp T_2.5;
T_2.1 ;
    %pushi/vec4 0, 0, 1;
    %store/vec4 v0x55aafe28f5f0_0, 0, 1;
    %pushi/vec4 0, 0, 1;
    %store/vec4 v0x55aafe28f450_0, 0, 1;
    %pushi/vec4 0, 0, 2;
    %store/vec4 v0x55aafe28ee50_0, 0, 2;
    %pushi/vec4 1, 0, 1;
    %store/vec4 v0x55aafe28f1c0_0, 0, 1;
    %pushi/vec4 0, 0, 1;
    %store/vec4 v0x55aafe28f000_0, 0, 1;
    %pushi/vec4 0, 0, 1;
    %store/vec4 v0x55aafe28f2d0_0, 0, 1;
    %pushi/vec4 0, 0, 1;
    %store/vec4 v0x55aafe28f390_0, 0, 1;
    %pushi/vec4 0, 0, 1;
    %store/vec4 v0x55aafe28ef60_0, 0, 1;
    %pushi/vec4 0, 0, 1;
    %store/vec4 v0x55aafe28f6b0_0, 0, 1;
    %jmp T_2.5;
T_2.2 ;
    %pushi/vec4 0, 0, 1;
    %store/vec4 v0x55aafe28f5f0_0, 0, 1;
    %pushi/vec4 1, 0, 1;
    %store/vec4 v0x55aafe28f450_0, 0, 1;
    %pushi/vec4 0, 0, 2;
    %store/vec4 v0x55aafe28ee50_0, 0, 2;
    %pushi/vec4 0, 0, 1;
    %store/vec4 v0x55aafe28f1c0_0, 0, 1;
    %pushi/vec4 0, 0, 1;
    %store/vec4 v0x55aafe28f000_0, 0, 1;
    %pushi/vec4 1, 0, 1;
    %store/vec4 v0x55aafe28f2d0_0, 0, 1;
    %pushi/vec4 0, 0, 1;
    %store/vec4 v0x55aafe28f390_0, 0, 1;
    %pushi/vec4 1, 0, 1;
    %store/vec4 v0x55aafe28ef60_0, 0, 1;
    %pushi/vec4 1, 0, 1;
    %store/vec4 v0x55aafe28f6b0_0, 0, 1;
    %jmp T_2.5;
T_2.3 ;
    %pushi/vec4 0, 0, 1;
    %store/vec4 v0x55aafe28f5f0_0, 0, 1;
    %pushi/vec4 0, 0, 1;
    %store/vec4 v0x55aafe28f450_0, 0, 1;
    %pushi/vec4 0, 0, 2;
    %store/vec4 v0x55aafe28ee50_0, 0, 2;
    %pushi/vec4 0, 0, 1;
    %store/vec4 v0x55aafe28f1c0_0, 0, 1;
    %pushi/vec4 0, 0, 1;
    %store/vec4 v0x55aafe28f000_0, 0, 1;
    %pushi/vec4 0, 0, 1;
    %store/vec4 v0x55aafe28f2d0_0, 0, 1;
    %pushi/vec4 1, 0, 1;
    %store/vec4 v0x55aafe28f390_0, 0, 1;
    %pushi/vec4 1, 0, 1;
    %store/vec4 v0x55aafe28ef60_0, 0, 1;
    %pushi/vec4 0, 0, 1;
    %store/vec4 v0x55aafe28f6b0_0, 0, 1;
    %jmp T_2.5;
T_2.4 ;
    %pushi/vec4 0, 0, 1;
    %store/vec4 v0x55aafe28f5f0_0, 0, 1;
    %pushi/vec4 0, 0, 1;
    %store/vec4 v0x55aafe28f450_0, 0, 1;
    %pushi/vec4 1, 0, 2;
    %store/vec4 v0x55aafe28ee50_0, 0, 2;
    %pushi/vec4 0, 0, 1;
    %store/vec4 v0x55aafe28f1c0_0, 0, 1;
    %pushi/vec4 1, 0, 1;
    %store/vec4 v0x55aafe28f000_0, 0, 1;
    %pushi/vec4 0, 0, 1;
    %store/vec4 v0x55aafe28f2d0_0, 0, 1;
    %pushi/vec4 0, 0, 1;
    %store/vec4 v0x55aafe28f390_0, 0, 1;
    %pushi/vec4 0, 0, 1;
    %store/vec4 v0x55aafe28ef60_0, 0, 1;
    %pushi/vec4 0, 0, 1;
    %store/vec4 v0x55aafe28f6b0_0, 0, 1;
    %jmp T_2.5;
T_2.5 ;
    %pop/vec4 1;
    %jmp T_2;
    .thread T_2, $push;
    .scope S_0x55aafe290c30;
T_3 ;
    %pushi/vec4 0, 0, 32;
    %store/vec4 v0x55aafe291050_0, 0, 32;
T_3.0 ;
    %load/vec4 v0x55aafe291050_0;
    %cmpi/s 32, 0, 32;
    %jmp/0xz T_3.1, 5;
    %pushi/vec4 0, 0, 32;
    %ix/getv/s 4, v0x55aafe291050_0;
    %store/vec4a v0x55aafe290ed0, 4, 0;
    %load/vec4 v0x55aafe291050_0;
    %addi 1, 0, 32;
    %store/vec4 v0x55aafe291050_0, 0, 32;
    %jmp T_3.0;
T_3.1 ;
    %end;
    .thread T_3;
    .scope S_0x55aafe290c30;
T_4 ;
    %wait E_0x55aafe1e9c40;
    %load/vec4 v0x55aafe291300_0;
    %pad/u 7;
    %ix/vec4 4;
    %load/vec4a v0x55aafe290ed0, 4;
    %store/vec4 v0x55aafe291120_0, 0, 32;
    %load/vec4 v0x55aafe2913c0_0;
    %pad/u 7;
    %ix/vec4 4;
    %load/vec4a v0x55aafe290ed0, 4;
    %store/vec4 v0x55aafe291210_0, 0, 32;
    %load/vec4 v0x55aafe2914a0_0;
    %pad/u 32;
    %cmpi/e 1, 0, 32;
    %jmp/0xz  T_4.0, 4;
    %load/vec4 v0x55aafe291570_0;
    %load/vec4 v0x55aafe2916c0_0;
    %pad/u 7;
    %ix/vec4 4;
    %store/vec4a v0x55aafe290ed0, 4, 0;
T_4.0 ;
    %jmp T_4;
    .thread T_4;
    .scope S_0x55aafe28e670;
T_5 ;
    %wait E_0x55aafe1e9c40;
    %load/vec4 v0x55aafe28e950_0;
    %dup/vec4;
    %pushi/vec4 0, 0, 2;
    %cmp/u;
    %jmp/1 T_5.0, 6;
    %dup/vec4;
    %pushi/vec4 1, 0, 2;
    %cmp/u;
    %jmp/1 T_5.1, 6;
    %dup/vec4;
    %pushi/vec4 2, 0, 2;
    %cmp/u;
    %jmp/1 T_5.2, 6;
    %jmp T_5.3;
T_5.0 ;
    %pushi/vec4 2, 0, 4;
    %store/vec4 v0x55aafe28e860_0, 0, 4;
    %jmp T_5.3;
T_5.1 ;
    %pushi/vec4 3, 0, 4;
    %store/vec4 v0x55aafe28e860_0, 0, 4;
    %jmp T_5.3;
T_5.2 ;
    %load/vec4 v0x55aafe28eb10_0;
    %cmpi/e 32, 0, 6;
    %jmp/0xz  T_5.4, 4;
    %pushi/vec4 2, 0, 4;
    %store/vec4 v0x55aafe28e860_0, 0, 4;
    %jmp T_5.5;
T_5.4 ;
    %load/vec4 v0x55aafe28eb10_0;
    %cmpi/e 33, 0, 6;
    %jmp/0xz  T_5.6, 4;
    %pushi/vec4 4, 0, 4;
    %store/vec4 v0x55aafe28e860_0, 0, 4;
T_5.6 ;
T_5.5 ;
    %jmp T_5.3;
T_5.3 ;
    %pop/vec4 1;
    %jmp T_5;
    .thread T_5;
    .scope S_0x55aafe28dd90;
T_6 ;
    %wait E_0x55aafe1e9c40;
    %pushi/vec4 0, 0, 1;
    %store/vec4 v0x55aafe28e4f0_0, 0, 1;
    %load/vec4 v0x55aafe28e060_0;
    %dup/vec4;
    %pushi/vec4 0, 0, 4;
    %cmp/u;
    %jmp/1 T_6.0, 6;
    %dup/vec4;
    %pushi/vec4 1, 0, 4;
    %cmp/u;
    %jmp/1 T_6.1, 6;
    %dup/vec4;
    %pushi/vec4 2, 0, 4;
    %cmp/u;
    %jmp/1 T_6.2, 6;
    %dup/vec4;
    %pushi/vec4 3, 0, 4;
    %cmp/u;
    %jmp/1 T_6.3, 6;
    %dup/vec4;
    %pushi/vec4 4, 0, 4;
    %cmp/u;
    %jmp/1 T_6.4, 6;
    %jmp T_6.5;
T_6.0 ;
    %load/vec4 v0x55aafe28e2e0_0;
    %load/vec4 v0x55aafe28e3c0_0;
    %and;
    %assign/vec4 v0x55aafe28e160_0, 0;
    %jmp T_6.5;
T_6.1 ;
    %load/vec4 v0x55aafe28e2e0_0;
    %load/vec4 v0x55aafe28e3c0_0;
    %or;
    %assign/vec4 v0x55aafe28e160_0, 0;
    %jmp T_6.5;
T_6.2 ;
    %load/vec4 v0x55aafe28e2e0_0;
    %load/vec4 v0x55aafe28e3c0_0;
    %add;
    %assign/vec4 v0x55aafe28e160_0, 0;
    %jmp T_6.5;
T_6.3 ;
    %load/vec4 v0x55aafe28e2e0_0;
    %load/vec4 v0x55aafe28e3c0_0;
    %sub;
    %assign/vec4 v0x55aafe28e160_0, 0;
    %jmp T_6.5;
T_6.4 ;
    %load/vec4 v0x55aafe28e2e0_0;
    %load/vec4 v0x55aafe28e3c0_0;
    %mul;
    %assign/vec4 v0x55aafe28e160_0, 0;
    %jmp T_6.5;
T_6.5 ;
    %pop/vec4 1;
    %load/vec4 v0x55aafe28e160_0;
    %cmpi/e 0, 0, 32;
    %jmp/0xz  T_6.6, 4;
    %pushi/vec4 1, 0, 1;
    %store/vec4 v0x55aafe28e4f0_0, 0, 1;
T_6.6 ;
    %jmp T_6;
    .thread T_6;
    .scope S_0x55aafe28f8d0;
T_7 ;
    %pushi/vec4 1, 0, 32;
    %ix/load 4, 0, 0;
    %flag_set/imm 4, 0;
    %store/vec4a v0x55aafe2900c0, 4, 0;
    %pushi/vec4 2, 0, 32;
    %ix/load 4, 1, 0;
    %flag_set/imm 4, 0;
    %store/vec4a v0x55aafe2900c0, 4, 0;
    %pushi/vec4 3, 0, 32;
    %ix/load 4, 2, 0;
    %flag_set/imm 4, 0;
    %store/vec4a v0x55aafe2900c0, 4, 0;
    %pushi/vec4 1, 0, 32;
    %ix/load 4, 3, 0;
    %flag_set/imm 4, 0;
    %store/vec4a v0x55aafe2900c0, 4, 0;
    %pushi/vec4 2, 0, 32;
    %ix/load 4, 4, 0;
    %flag_set/imm 4, 0;
    %store/vec4a v0x55aafe2900c0, 4, 0;
    %pushi/vec4 3, 0, 32;
    %ix/load 4, 5, 0;
    %flag_set/imm 4, 0;
    %store/vec4a v0x55aafe2900c0, 4, 0;
    %pushi/vec4 1, 0, 32;
    %ix/load 4, 6, 0;
    %flag_set/imm 4, 0;
    %store/vec4a v0x55aafe2900c0, 4, 0;
    %pushi/vec4 2, 0, 32;
    %ix/load 4, 7, 0;
    %flag_set/imm 4, 0;
    %store/vec4a v0x55aafe2900c0, 4, 0;
    %pushi/vec4 3, 0, 32;
    %ix/load 4, 8, 0;
    %flag_set/imm 4, 0;
    %store/vec4a v0x55aafe2900c0, 4, 0;
    %pushi/vec4 1, 0, 32;
    %ix/load 4, 9, 0;
    %flag_set/imm 4, 0;
    %store/vec4a v0x55aafe2900c0, 4, 0;
    %pushi/vec4 2, 0, 32;
    %ix/load 4, 10, 0;
    %flag_set/imm 4, 0;
    %store/vec4a v0x55aafe2900c0, 4, 0;
    %pushi/vec4 3, 0, 32;
    %ix/load 4, 11, 0;
    %flag_set/imm 4, 0;
    %store/vec4a v0x55aafe2900c0, 4, 0;
    %pushi/vec4 1, 0, 32;
    %ix/load 4, 12, 0;
    %flag_set/imm 4, 0;
    %store/vec4a v0x55aafe2900c0, 4, 0;
    %pushi/vec4 2, 0, 32;
    %ix/load 4, 13, 0;
    %flag_set/imm 4, 0;
    %store/vec4a v0x55aafe2900c0, 4, 0;
    %pushi/vec4 3, 0, 32;
    %ix/load 4, 14, 0;
    %flag_set/imm 4, 0;
    %store/vec4a v0x55aafe2900c0, 4, 0;
    %pushi/vec4 1, 0, 32;
    %ix/load 4, 15, 0;
    %flag_set/imm 4, 0;
    %store/vec4a v0x55aafe2900c0, 4, 0;
    %pushi/vec4 2, 0, 32;
    %ix/load 4, 16, 0;
    %flag_set/imm 4, 0;
    %store/vec4a v0x55aafe2900c0, 4, 0;
    %pushi/vec4 3, 0, 32;
    %ix/load 4, 17, 0;
    %flag_set/imm 4, 0;
    %store/vec4a v0x55aafe2900c0, 4, 0;
    %pushi/vec4 11, 0, 32;
    %ix/load 4, 32, 0;
    %flag_set/imm 4, 0;
    %store/vec4a v0x55aafe2900c0, 4, 0;
    %end;
    .thread T_7;
    .scope S_0x55aafe28f8d0;
T_8 ;
    %wait E_0x55aafe1e9c40;
    %load/vec4 v0x55aafe290450_0;
    %flag_set/vec4 8;
    %jmp/0xz  T_8.0, 8;
    %load/vec4 v0x55aafe290390_0;
    %ix/getv 4, v0x55aafe290000_0;
    %store/vec4a v0x55aafe2900c0, 4, 0;
T_8.0 ;
    %jmp T_8;
    .thread T_8;
    .scope S_0x55aafe28dbf0;
T_9 ;
    %wait E_0x55aafe1e9c40;
    %load/vec4 v0x55aafe2936b0_0;
    %flag_set/vec4 8;
    %jmp/0xz  T_9.0, 8;
    %pushi/vec4 0, 0, 32;
    %store/vec4 v0x55aafe2931b0_0, 0, 32;
    %jmp T_9.1;
T_9.0 ;
    %load/vec4 v0x55aafe293110_0;
    %addi 1, 0, 32;
    %store/vec4 v0x55aafe292540_0, 0, 32;
    %load/vec4 v0x55aafe292c60_0;
    %ix/load 4, 2, 0;
    %flag_set/imm 4, 0;
    %shiftl 4;
    %store/vec4 v0x55aafe292c60_0, 0, 32;
    %load/vec4 v0x55aafe292540_0;
    %load/vec4 v0x55aafe292c60_0;
    %add;
    %store/vec4 v0x55aafe292620_0, 0, 32;
    %load/vec4 v0x55aafe292a80_0;
    %load/vec4 v0x55aafe293a50_0;
    %and;
    %store/vec4 v0x55aafe293830_0, 0, 1;
    %load/vec4 v0x55aafe293830_0;
    %flag_set/vec4 8;
    %jmp/0 T_9.2, 8;
    %load/vec4 v0x55aafe292620_0;
    %jmp/1 T_9.3, 8;
T_9.2 ; End of true expr.
    %load/vec4 v0x55aafe292540_0;
    %jmp/0 T_9.3, 8;
 ; End of false expr.
    %blend;
T_9.3;
    %store/vec4 v0x55aafe293110_0, 0, 32;
    %load/vec4 v0x55aafe293110_0;
    %assign/vec4 v0x55aafe2931b0_0, 0;
T_9.1 ;
    %load/vec4 v0x55aafe2931b0_0;
    %store/vec4 v0x55aafe293110_0, 0, 32;
    %jmp T_9;
    .thread T_9;
    .scope S_0x55aafe28dbf0;
T_10 ;
    %wait E_0x55aafe1e9c40;
    %load/vec4 v0x55aafe292d00_0;
    %parti/s 1, 15, 5;
    %replicate 8;
    %load/vec4 v0x55aafe292d00_0;
    %parti/s 16, 0, 2;
    %concat/vec4; draw_concat_vec4
    %pad/u 32;
    %assign/vec4 v0x55aafe292c60_0, 0;
    %jmp T_10;
    .thread T_10;
    .scope S_0x55aafe28dbf0;
T_11 ;
    %load/vec4 v0x55aafe2928d0_0;
    %cassign/vec4 v0x55aafe293750_0;
    %cassign/link v0x55aafe293750_0, v0x55aafe2928d0_0;
    %end;
    .thread T_11;
    .scope S_0x55aafe245200;
T_12 ;
    %vpi_call 4 18 "$dumpfile", "out.vcd" {0 0 0};
    %vpi_call 4 19 "$dumpvars", 32'sb00000000000000000000000000000000, S_0x55aafe245200 {0 0 0};
    %pushi/vec4 1, 0, 1;
    %store/vec4 v0x55aafe293b90_0, 0, 1;
    %pushi/vec4 1, 0, 1;
    %store/vec4 v0x55aafe293d10_0, 0, 1;
    %delay 80, 0;
    %pushi/vec4 0, 0, 1;
    %store/vec4 v0x55aafe293d10_0, 0, 1;
    %delay 200, 0;
    %vpi_call 4 28 "$finish" {0 0 0};
    %end;
    .thread T_12;
    .scope S_0x55aafe245200;
T_13 ;
    %delay 10, 0;
    %load/vec4 v0x55aafe293b90_0;
    %inv;
    %store/vec4 v0x55aafe293b90_0, 0, 1;
    %jmp T_13;
    .thread T_13;
# The file index is used to find the file name in the following table.
:file_names 12;
    "N/A";
    "<interactive>";
    "16bit_adder.v";
    "jump_control_unit.v";
    "main_tb.v";
    "MIPS.v";
    "alu.v";
    "alu_control_unit.v";
    "control_unit.v";
    "data_memory_unit.v";
    "instruction_memory.v";
    "register_file.v";
